{"/Users/anorldmukone/Desktop/irepppppoooorter/iReportReactRedux/src/App.jsx": {"path":"/Users/anorldmukone/Desktop/irepppppoooorter/iReportReactRedux/src/App.jsx","statementMap":{"0":{"start":{"line":10,"column":2},"end":{"line":14,"column":5}},"1":{"start":{"line":15,"column":2},"end":{"line":22,"column":4}}},"fnMap":{"0":{"name":"App","decl":{"start":{"line":9,"column":24},"end":{"line":9,"column":27}},"loc":{"start":{"line":9,"column":30},"end":{"line":23,"column":1}},"line":9}},"branchMap":{},"s":{"0":1,"1":1},"f":{"0":1},"b":{},"_coverageSchema":"43e27e138ebf9cfc5966b082cf9a028302ed4184","hash":"d5ebfd2988309148e6414963d00a40bd06688f7f"}
,"/Users/anorldmukone/Desktop/irepppppoooorter/iReportReactRedux/src/Routes.js": {"path":"/Users/anorldmukone/Desktop/irepppppoooorter/iReportReactRedux/src/Routes.js","statementMap":{"0":{"start":{"line":12,"column":2},"end":{"line":22,"column":4}}},"fnMap":{"0":{"name":"Routes","decl":{"start":{"line":11,"column":9},"end":{"line":11,"column":15}},"loc":{"start":{"line":11,"column":18},"end":{"line":23,"column":1}},"line":11}},"branchMap":{},"s":{"0":1},"f":{"0":1},"b":{},"_coverageSchema":"43e27e138ebf9cfc5966b082cf9a028302ed4184","hash":"b42c8f60ec624f0b7c386a5cfe1fc45bc13b329b"}
,"/Users/anorldmukone/Desktop/irepppppoooorter/iReportReactRedux/src/store.js": {"path":"/Users/anorldmukone/Desktop/irepppppoooorter/iReportReactRedux/src/store.js","statementMap":{"0":{"start":{"line":6,"column":21},"end":{"line":6,"column":23}},"1":{"start":{"line":7,"column":19},"end":{"line":7,"column":26}},"2":{"start":{"line":9,"column":14},"end":{"line":13,"column":1}}},"fnMap":{},"branchMap":{},"s":{"0":1,"1":1,"2":1},"f":{},"b":{},"_coverageSchema":"43e27e138ebf9cfc5966b082cf9a028302ed4184","hash":"b9ab7dd9b3adb797fa60481448ddfd109b6c2169"}
,"/Users/anorldmukone/Desktop/irepppppoooorter/iReportReactRedux/src/actions/actionTypes.js": {"path":"/Users/anorldmukone/Desktop/irepppppoooorter/iReportReactRedux/src/actions/actionTypes.js","statementMap":{"0":{"start":{"line":1,"column":37},"end":{"line":5,"column":1}},"1":{"start":{"line":8,"column":30},"end":{"line":12,"column":1}},"2":{"start":{"line":14,"column":33},"end":{"line":17,"column":1}},"3":{"start":{"line":19,"column":32},"end":{"line":22,"column":1}}},"fnMap":{},"branchMap":{},"s":{"0":11,"1":11,"2":11,"3":11},"f":{},"b":{},"_coverageSchema":"43e27e138ebf9cfc5966b082cf9a028302ed4184","hash":"179e2c8579ae79914b6a762734b0a7de966658b8"}
,"/Users/anorldmukone/Desktop/irepppppoooorter/iReportReactRedux/src/actions/auth/loginAction.js": {"path":"/Users/anorldmukone/Desktop/irepppppoooorter/iReportReactRedux/src/actions/auth/loginAction.js","statementMap":{"0":{"start":{"line":7,"column":15},"end":{"line":7,"column":77}},"1":{"start":{"line":10,"column":24},"end":{"line":29,"column":4}},"2":{"start":{"line":10,"column":36},"end":{"line":29,"column":4}},"3":{"start":{"line":10,"column":48},"end":{"line":29,"column":4}},"4":{"start":{"line":12,"column":4},"end":{"line":15,"column":7}},"5":{"start":{"line":16,"column":4},"end":{"line":16,"column":20}},"6":{"start":{"line":17,"column":4},"end":{"line":17,"column":51}},"7":{"start":{"line":18,"column":4},"end":{"line":18,"column":69}},"8":{"start":{"line":19,"column":4},"end":{"line":19,"column":47}},"9":{"start":{"line":20,"column":4},"end":{"line":20,"column":26}},"10":{"start":{"line":23,"column":4},"end":{"line":23,"column":20}},"11":{"start":{"line":24,"column":4},"end":{"line":24,"column":54}},"12":{"start":{"line":25,"column":4},"end":{"line":28,"column":7}}},"fnMap":{"0":{"name":"(anonymous_0)","decl":{"start":{"line":10,"column":24},"end":{"line":10,"column":25}},"loc":{"start":{"line":10,"column":36},"end":{"line":29,"column":4}},"line":10},"1":{"name":"(anonymous_1)","decl":{"start":{"line":10,"column":36},"end":{"line":10,"column":37}},"loc":{"start":{"line":10,"column":48},"end":{"line":29,"column":4}},"line":10},"2":{"name":"(anonymous_2)","decl":{"start":{"line":11,"column":8},"end":{"line":11,"column":9}},"loc":{"start":{"line":11,"column":22},"end":{"line":21,"column":3}},"line":11},"3":{"name":"(anonymous_3)","decl":{"start":{"line":22,"column":9},"end":{"line":22,"column":10}},"loc":{"start":{"line":22,"column":20},"end":{"line":29,"column":3}},"line":22}},"branchMap":{},"s":{"0":4,"1":4,"2":2,"3":2,"4":1,"5":1,"6":1,"7":1,"8":1,"9":1,"10":1,"11":1,"12":1},"f":{"0":2,"1":2,"2":1,"3":1},"b":{},"_coverageSchema":"43e27e138ebf9cfc5966b082cf9a028302ed4184","hash":"2c945a0e6f217b59e000ecca4c004d180140d662"}
,"/Users/anorldmukone/Desktop/irepppppoooorter/iReportReactRedux/src/actions/auth/registerAction.js": {"path":"/Users/anorldmukone/Desktop/irepppppoooorter/iReportReactRedux/src/actions/auth/registerAction.js","statementMap":{"0":{"start":{"line":8,"column":15},"end":{"line":8,"column":80}},"1":{"start":{"line":11,"column":27},"end":{"line":29,"column":4}},"2":{"start":{"line":11,"column":39},"end":{"line":29,"column":4}},"3":{"start":{"line":11,"column":51},"end":{"line":29,"column":4}},"4":{"start":{"line":13,"column":4},"end":{"line":16,"column":7}},"5":{"start":{"line":17,"column":17},"end":{"line":17,"column":45}},"6":{"start":{"line":18,"column":4},"end":{"line":18,"column":20}},"7":{"start":{"line":19,"column":4},"end":{"line":19,"column":60}},"8":{"start":{"line":20,"column":4},"end":{"line":20,"column":27}},"9":{"start":{"line":23,"column":4},"end":{"line":23,"column":20}},"10":{"start":{"line":24,"column":4},"end":{"line":24,"column":54}},"11":{"start":{"line":25,"column":4},"end":{"line":28,"column":7}}},"fnMap":{"0":{"name":"(anonymous_0)","decl":{"start":{"line":11,"column":27},"end":{"line":11,"column":28}},"loc":{"start":{"line":11,"column":39},"end":{"line":29,"column":4}},"line":11},"1":{"name":"(anonymous_1)","decl":{"start":{"line":11,"column":39},"end":{"line":11,"column":40}},"loc":{"start":{"line":11,"column":51},"end":{"line":29,"column":4}},"line":11},"2":{"name":"(anonymous_2)","decl":{"start":{"line":12,"column":8},"end":{"line":12,"column":9}},"loc":{"start":{"line":12,"column":22},"end":{"line":21,"column":3}},"line":12},"3":{"name":"(anonymous_3)","decl":{"start":{"line":22,"column":9},"end":{"line":22,"column":10}},"loc":{"start":{"line":22,"column":20},"end":{"line":29,"column":3}},"line":22}},"branchMap":{},"s":{"0":4,"1":4,"2":2,"3":2,"4":1,"5":1,"6":1,"7":1,"8":1,"9":1,"10":1,"11":1},"f":{"0":2,"1":2,"2":1,"3":1},"b":{},"_coverageSchema":"43e27e138ebf9cfc5966b082cf9a028302ed4184","hash":"47eb64222bbcfa6de3dc1a07c4531c0ca8bcdb49"}
,"/Users/anorldmukone/Desktop/irepppppoooorter/iReportReactRedux/src/actions/redflags/viewAllRedFlagsAction.js": {"path":"/Users/anorldmukone/Desktop/irepppppoooorter/iReportReactRedux/src/actions/redflags/viewAllRedFlagsAction.js","statementMap":{"0":{"start":{"line":6,"column":15},"end":{"line":6,"column":76}},"1":{"start":{"line":9,"column":30},"end":{"line":30,"column":4}},"2":{"start":{"line":9,"column":36},"end":{"line":30,"column":4}},"3":{"start":{"line":9,"column":48},"end":{"line":30,"column":4}},"4":{"start":{"line":16,"column":4},"end":{"line":19,"column":7}},"5":{"start":{"line":22,"column":4},"end":{"line":22,"column":23}},"6":{"start":{"line":23,"column":25},"end":{"line":23,"column":50}},"7":{"start":{"line":24,"column":4},"end":{"line":24,"column":20}},"8":{"start":{"line":25,"column":4},"end":{"line":25,"column":41}},"9":{"start":{"line":26,"column":4},"end":{"line":29,"column":7}}},"fnMap":{"0":{"name":"(anonymous_0)","decl":{"start":{"line":9,"column":30},"end":{"line":9,"column":31}},"loc":{"start":{"line":9,"column":36},"end":{"line":30,"column":4}},"line":9},"1":{"name":"(anonymous_1)","decl":{"start":{"line":9,"column":36},"end":{"line":9,"column":37}},"loc":{"start":{"line":9,"column":48},"end":{"line":30,"column":4}},"line":9},"2":{"name":"(anonymous_2)","decl":{"start":{"line":15,"column":8},"end":{"line":15,"column":9}},"loc":{"start":{"line":15,"column":22},"end":{"line":20,"column":3}},"line":15},"3":{"name":"(anonymous_3)","decl":{"start":{"line":21,"column":9},"end":{"line":21,"column":10}},"loc":{"start":{"line":21,"column":20},"end":{"line":30,"column":3}},"line":21}},"branchMap":{},"s":{"0":4,"1":4,"2":2,"3":2,"4":1,"5":1,"6":1,"7":1,"8":1,"9":1},"f":{"0":2,"1":2,"2":1,"3":1},"b":{},"_coverageSchema":"43e27e138ebf9cfc5966b082cf9a028302ed4184","hash":"ced2c86120acb9284287697f4ab978f2906c1148"}
,"/Users/anorldmukone/Desktop/irepppppoooorter/iReportReactRedux/src/components/LoginComponent.jsx": {"path":"/Users/anorldmukone/Desktop/irepppppoooorter/iReportReactRedux/src/components/LoginComponent.jsx","statementMap":{"0":{"start":{"line":17,"column":4},"end":{"line":17,"column":17}},"1":{"start":{"line":18,"column":4},"end":{"line":22,"column":6}},"2":{"start":{"line":25,"column":22},"end":{"line":30,"column":7}},"3":{"start":{"line":26,"column":8},"end":{"line":26,"column":27}},"4":{"start":{"line":27,"column":8},"end":{"line":29,"column":11}},"5":{"start":{"line":32,"column":21},"end":{"line":51,"column":7}},"6":{"start":{"line":33,"column":8},"end":{"line":33,"column":27}},"7":{"start":{"line":34,"column":8},"end":{"line":34,"column":43}},"8":{"start":{"line":35,"column":36},"end":{"line":35,"column":46}},"9":{"start":{"line":36,"column":26},"end":{"line":39,"column":9}},"10":{"start":{"line":40,"column":32},"end":{"line":40,"column":42}},"11":{"start":{"line":42,"column":8},"end":{"line":44,"column":9}},"12":{"start":{"line":43,"column":10},"end":{"line":43,"column":17}},"13":{"start":{"line":46,"column":8},"end":{"line":46,"column":37}},"14":{"start":{"line":48,"column":8},"end":{"line":48,"column":50}},"15":{"start":{"line":50,"column":8},"end":{"line":50,"column":31}},"16":{"start":{"line":55,"column":8},"end":{"line":60,"column":9}},"17":{"start":{"line":56,"column":10},"end":{"line":56,"column":26}},"18":{"start":{"line":57,"column":10},"end":{"line":57,"column":70}},"19":{"start":{"line":58,"column":10},"end":{"line":58,"column":46}},"20":{"start":{"line":59,"column":10},"end":{"line":59,"column":22}},"21":{"start":{"line":61,"column":8},"end":{"line":61,"column":21}},"22":{"start":{"line":65,"column":8},"end":{"line":68,"column":11}},"23":{"start":{"line":72,"column":47},"end":{"line":72,"column":57}},"24":{"start":{"line":73,"column":8},"end":{"line":148,"column":10}},"25":{"start":{"line":153,"column":0},"end":{"line":155,"column":2}},"26":{"start":{"line":158,"column":31},"end":{"line":160,"column":2}},"27":{"start":{"line":158,"column":41},"end":{"line":160,"column":1}}},"fnMap":{"0":{"name":"(anonymous_0)","decl":{"start":{"line":16,"column":2},"end":{"line":16,"column":3}},"loc":{"start":{"line":16,"column":21},"end":{"line":23,"column":3}},"line":16},"1":{"name":"(anonymous_1)","decl":{"start":{"line":25,"column":22},"end":{"line":25,"column":23}},"loc":{"start":{"line":25,"column":29},"end":{"line":30,"column":7}},"line":25},"2":{"name":"(anonymous_2)","decl":{"start":{"line":32,"column":21},"end":{"line":32,"column":22}},"loc":{"start":{"line":32,"column":34},"end":{"line":51,"column":7}},"line":32},"3":{"name":"(anonymous_3)","decl":{"start":{"line":54,"column":6},"end":{"line":54,"column":7}},"loc":{"start":{"line":54,"column":50},"end":{"line":62,"column":7}},"line":54},"4":{"name":"(anonymous_4)","decl":{"start":{"line":64,"column":6},"end":{"line":64,"column":7}},"loc":{"start":{"line":64,"column":24},"end":{"line":69,"column":7}},"line":64},"5":{"name":"(anonymous_5)","decl":{"start":{"line":71,"column":6},"end":{"line":71,"column":7}},"loc":{"start":{"line":71,"column":15},"end":{"line":149,"column":7}},"line":71},"6":{"name":"(anonymous_6)","decl":{"start":{"line":158,"column":31},"end":{"line":158,"column":32}},"loc":{"start":{"line":158,"column":41},"end":{"line":160,"column":1}},"line":158}},"branchMap":{"0":{"loc":{"start":{"line":42,"column":8},"end":{"line":44,"column":9}},"type":"if","locations":[{"start":{"line":42,"column":8},"end":{"line":44,"column":9}},{"start":{"line":42,"column":8},"end":{"line":44,"column":9}}],"line":42},"1":{"loc":{"start":{"line":55,"column":8},"end":{"line":60,"column":9}},"type":"if","locations":[{"start":{"line":55,"column":8},"end":{"line":60,"column":9}},{"start":{"line":55,"column":8},"end":{"line":60,"column":9}}],"line":55},"2":{"loc":{"start":{"line":55,"column":12},"end":{"line":55,"column":47}},"type":"binary-expr","locations":[{"start":{"line":55,"column":13},"end":{"line":55,"column":25}},{"start":{"line":55,"column":31},"end":{"line":55,"column":46}}],"line":55},"3":{"loc":{"start":{"line":105,"column":23},"end":{"line":132,"column":23}},"type":"cond-expr","locations":[{"start":{"line":105,"column":35},"end":{"line":105,"column":45}},{"start":{"line":107,"column":24},"end":{"line":131,"column":30}}],"line":105}},"s":{"0":7,"1":7,"2":7,"3":1,"4":1,"5":7,"6":2,"7":2,"8":2,"9":2,"10":2,"11":2,"12":1,"13":1,"14":1,"15":1,"16":4,"17":2,"18":2,"19":2,"20":2,"21":2,"22":2,"23":19,"24":19,"25":3,"26":3,"27":1},"f":{"0":7,"1":1,"2":2,"3":4,"4":2,"5":19,"6":1},"b":{"0":[1,1],"1":[2,2],"2":[4,2],"3":[4,15]},"_coverageSchema":"43e27e138ebf9cfc5966b082cf9a028302ed4184","hash":"179c744195705f760da273596a8cb38fb325b933"}
,"/Users/anorldmukone/Desktop/irepppppoooorter/iReportReactRedux/src/components/homePageComponent.jsx": {"path":"/Users/anorldmukone/Desktop/irepppppoooorter/iReportReactRedux/src/components/homePageComponent.jsx","statementMap":{"0":{"start":{"line":17,"column":4},"end":{"line":17,"column":17}},"1":{"start":{"line":18,"column":4},"end":{"line":24,"column":6}},"2":{"start":{"line":28,"column":30},"end":{"line":28,"column":40}},"3":{"start":{"line":29,"column":4},"end":{"line":29,"column":20}},"4":{"start":{"line":33,"column":24},"end":{"line":37,"column":5}},"5":{"start":{"line":34,"column":6},"end":{"line":34,"column":41}},"6":{"start":{"line":35,"column":6},"end":{"line":35,"column":50}},"7":{"start":{"line":36,"column":6},"end":{"line":36,"column":29}},"8":{"start":{"line":40,"column":27},"end":{"line":40,"column":37}},"9":{"start":{"line":41,"column":27},"end":{"line":69,"column":8}},"10":{"start":{"line":42,"column":8},"end":{"line":68,"column":14}},"11":{"start":{"line":72,"column":6},"end":{"line":116,"column":8}},"12":{"start":{"line":121,"column":0},"end":{"line":132,"column":2}},"13":{"start":{"line":134,"column":0},"end":{"line":136,"column":2}},"14":{"start":{"line":138,"column":31},"end":{"line":141,"column":1}},"15":{"start":{"line":139,"column":23},"end":{"line":139,"column":51}},"16":{"start":{"line":140,"column":2},"end":{"line":140,"column":22}}},"fnMap":{"0":{"name":"(anonymous_0)","decl":{"start":{"line":16,"column":2},"end":{"line":16,"column":3}},"loc":{"start":{"line":16,"column":21},"end":{"line":25,"column":3}},"line":16},"1":{"name":"(anonymous_1)","decl":{"start":{"line":27,"column":2},"end":{"line":27,"column":3}},"loc":{"start":{"line":27,"column":22},"end":{"line":30,"column":3}},"line":27},"2":{"name":"(anonymous_2)","decl":{"start":{"line":33,"column":24},"end":{"line":33,"column":25}},"loc":{"start":{"line":33,"column":30},"end":{"line":37,"column":5}},"line":33},"3":{"name":"(anonymous_3)","decl":{"start":{"line":39,"column":4},"end":{"line":39,"column":5}},"loc":{"start":{"line":39,"column":13},"end":{"line":117,"column":5}},"line":39},"4":{"name":"(anonymous_4)","decl":{"start":{"line":41,"column":40},"end":{"line":41,"column":41}},"loc":{"start":{"line":42,"column":8},"end":{"line":68,"column":14}},"line":42},"5":{"name":"(anonymous_5)","decl":{"start":{"line":138,"column":31},"end":{"line":138,"column":32}},"loc":{"start":{"line":138,"column":42},"end":{"line":141,"column":1}},"line":138}},"branchMap":{},"s":{"0":0,"1":0,"2":0,"3":0,"4":0,"5":0,"6":0,"7":0,"8":0,"9":0,"10":0,"11":0,"12":3,"13":3,"14":3,"15":0,"16":0},"f":{"0":0,"1":0,"2":0,"3":0,"4":0,"5":0},"b":{},"_coverageSchema":"43e27e138ebf9cfc5966b082cf9a028302ed4184","hash":"a754be5e1d05f5930c710f78bb3c4ef1b7760339"}
,"/Users/anorldmukone/Desktop/irepppppoooorter/iReportReactRedux/src/components/landingPageComponent.jsx": {"path":"/Users/anorldmukone/Desktop/irepppppoooorter/iReportReactRedux/src/components/landingPageComponent.jsx","statementMap":{"0":{"start":{"line":8,"column":29},"end":{"line":69,"column":1}},"1":{"start":{"line":9,"column":2},"end":{"line":68,"column":8}}},"fnMap":{"0":{"name":"(anonymous_0)","decl":{"start":{"line":8,"column":29},"end":{"line":8,"column":30}},"loc":{"start":{"line":9,"column":2},"end":{"line":68,"column":8}},"line":9}},"branchMap":{},"s":{"0":3,"1":0},"f":{"0":0},"b":{},"_coverageSchema":"43e27e138ebf9cfc5966b082cf9a028302ed4184","hash":"9bfbd9964711386452e2464773621b5701f8d4cc"}
,"/Users/anorldmukone/Desktop/irepppppoooorter/iReportReactRedux/src/components/signupComponent.jsx": {"path":"/Users/anorldmukone/Desktop/irepppppoooorter/iReportReactRedux/src/components/signupComponent.jsx","statementMap":{"0":{"start":{"line":15,"column":4},"end":{"line":15,"column":17}},"1":{"start":{"line":16,"column":4},"end":{"line":25,"column":6}},"2":{"start":{"line":28,"column":22},"end":{"line":33,"column":7}},"3":{"start":{"line":29,"column":8},"end":{"line":29,"column":27}},"4":{"start":{"line":30,"column":8},"end":{"line":32,"column":11}},"5":{"start":{"line":35,"column":21},"end":{"line":57,"column":7}},"6":{"start":{"line":36,"column":8},"end":{"line":36,"column":27}},"7":{"start":{"line":37,"column":8},"end":{"line":37,"column":43}},"8":{"start":{"line":40,"column":12},"end":{"line":40,"column":22}},"9":{"start":{"line":42,"column":29},"end":{"line":50,"column":9}},"10":{"start":{"line":52,"column":35},"end":{"line":52,"column":45}},"11":{"start":{"line":54,"column":8},"end":{"line":54,"column":43}},"12":{"start":{"line":56,"column":8},"end":{"line":56,"column":50}},"13":{"start":{"line":63,"column":12},"end":{"line":63,"column":22}},"14":{"start":{"line":64,"column":8},"end":{"line":198,"column":10}},"15":{"start":{"line":202,"column":0},"end":{"line":204,"column":2}},"16":{"start":{"line":207,"column":31},"end":{"line":209,"column":2}},"17":{"start":{"line":207,"column":41},"end":{"line":209,"column":1}}},"fnMap":{"0":{"name":"(anonymous_0)","decl":{"start":{"line":14,"column":2},"end":{"line":14,"column":3}},"loc":{"start":{"line":14,"column":21},"end":{"line":26,"column":3}},"line":14},"1":{"name":"(anonymous_1)","decl":{"start":{"line":28,"column":22},"end":{"line":28,"column":23}},"loc":{"start":{"line":28,"column":29},"end":{"line":33,"column":7}},"line":28},"2":{"name":"(anonymous_2)","decl":{"start":{"line":35,"column":21},"end":{"line":35,"column":22}},"loc":{"start":{"line":35,"column":34},"end":{"line":57,"column":7}},"line":35},"3":{"name":"(anonymous_3)","decl":{"start":{"line":60,"column":6},"end":{"line":60,"column":7}},"loc":{"start":{"line":60,"column":15},"end":{"line":199,"column":7}},"line":60},"4":{"name":"(anonymous_4)","decl":{"start":{"line":207,"column":31},"end":{"line":207,"column":32}},"loc":{"start":{"line":207,"column":41},"end":{"line":209,"column":1}},"line":207}},"branchMap":{"0":{"loc":{"start":{"line":97,"column":24},"end":{"line":183,"column":27}},"type":"cond-expr","locations":[{"start":{"line":98,"column":28},"end":{"line":98,"column":38}},{"start":{"line":100,"column":28},"end":{"line":181,"column":34}}],"line":97}},"s":{"0":3,"1":3,"2":3,"3":1,"4":1,"5":3,"6":1,"7":1,"8":1,"9":1,"10":1,"11":1,"12":1,"13":7,"14":7,"15":3,"16":3,"17":1},"f":{"0":3,"1":1,"2":1,"3":7,"4":1},"b":{"0":[1,6]},"_coverageSchema":"43e27e138ebf9cfc5966b082cf9a028302ed4184","hash":"951e9913db22ca54662c6b2197f59c9b7816d97f"}
,"/Users/anorldmukone/Desktop/irepppppoooorter/iReportReactRedux/src/components/common/Footer.jsx": {"path":"/Users/anorldmukone/Desktop/irepppppoooorter/iReportReactRedux/src/components/common/Footer.jsx","statementMap":{"0":{"start":{"line":5,"column":2},"end":{"line":7,"column":4}}},"fnMap":{"0":{"name":"Footer","decl":{"start":{"line":4,"column":24},"end":{"line":4,"column":30}},"loc":{"start":{"line":4,"column":33},"end":{"line":8,"column":1}},"line":4}},"branchMap":{},"s":{"0":1},"f":{"0":1},"b":{},"_coverageSchema":"43e27e138ebf9cfc5966b082cf9a028302ed4184","hash":"5844cd42e354c83b230e8f819cc18b257a7cbd4d"}
,"/Users/anorldmukone/Desktop/irepppppoooorter/iReportReactRedux/src/components/common/InfoComponent.jsx": {"path":"/Users/anorldmukone/Desktop/irepppppoooorter/iReportReactRedux/src/components/common/InfoComponent.jsx","statementMap":{"0":{"start":{"line":5,"column":22},"end":{"line":34,"column":1}},"1":{"start":{"line":6,"column":2},"end":{"line":33,"column":8}}},"fnMap":{"0":{"name":"(anonymous_0)","decl":{"start":{"line":5,"column":22},"end":{"line":5,"column":23}},"loc":{"start":{"line":6,"column":2},"end":{"line":33,"column":8}},"line":6}},"branchMap":{},"s":{"0":7,"1":1},"f":{"0":1},"b":{},"_coverageSchema":"43e27e138ebf9cfc5966b082cf9a028302ed4184","hash":"38a44b0ee27660ab746fcd8d67efbb580ebf8a2b"}
,"/Users/anorldmukone/Desktop/irepppppoooorter/iReportReactRedux/src/components/common/Loader.jsx": {"path":"/Users/anorldmukone/Desktop/irepppppoooorter/iReportReactRedux/src/components/common/Loader.jsx","statementMap":{"0":{"start":{"line":6,"column":15},"end":{"line":10,"column":1}},"1":{"start":{"line":7,"column":2},"end":{"line":9,"column":8}},"2":{"start":{"line":12,"column":0},"end":{"line":14,"column":2}},"3":{"start":{"line":16,"column":0},"end":{"line":18,"column":2}}},"fnMap":{"0":{"name":"(anonymous_0)","decl":{"start":{"line":6,"column":15},"end":{"line":6,"column":16}},"loc":{"start":{"line":7,"column":2},"end":{"line":9,"column":8}},"line":7}},"branchMap":{},"s":{"0":5,"1":1,"2":5,"3":5},"f":{"0":1},"b":{},"_coverageSchema":"43e27e138ebf9cfc5966b082cf9a028302ed4184","hash":"6a507c2682e6b608962e2dd8dc87dd27107686b1"}
,"/Users/anorldmukone/Desktop/irepppppoooorter/iReportReactRedux/src/components/common/LogOutComponent.jsx": {"path":"/Users/anorldmukone/Desktop/irepppppoooorter/iReportReactRedux/src/components/common/LogOutComponent.jsx","statementMap":{"0":{"start":{"line":4,"column":24},"end":{"line":8,"column":1}},"1":{"start":{"line":5,"column":2},"end":{"line":7,"column":8}},"2":{"start":{"line":12,"column":0},"end":{"line":14,"column":2}},"3":{"start":{"line":16,"column":0},"end":{"line":18,"column":2}}},"fnMap":{"0":{"name":"(anonymous_0)","decl":{"start":{"line":4,"column":24},"end":{"line":4,"column":25}},"loc":{"start":{"line":5,"column":2},"end":{"line":7,"column":8}},"line":5},"1":{"name":"(anonymous_1)","decl":{"start":{"line":17,"column":16},"end":{"line":17,"column":17}},"loc":{"start":{"line":17,"column":22},"end":{"line":17,"column":24}},"line":17}},"branchMap":{},"s":{"0":4,"1":1,"2":4,"3":4},"f":{"0":1,"1":0},"b":{},"_coverageSchema":"43e27e138ebf9cfc5966b082cf9a028302ed4184","hash":"e9e87ae36cacfeda2d1cefbc416d78f57c8700c8"}
,"/Users/anorldmukone/Desktop/irepppppoooorter/iReportReactRedux/src/reducers/rootReducer.js": {"path":"/Users/anorldmukone/Desktop/irepppppoooorter/iReportReactRedux/src/reducers/rootReducer.js","statementMap":{},"fnMap":{},"branchMap":{},"s":{},"f":{},"b":{},"_coverageSchema":"43e27e138ebf9cfc5966b082cf9a028302ed4184","hash":"5cd45b699f82f6b23a76b1d1c0548d973a4bb9df"}
,"/Users/anorldmukone/Desktop/irepppppoooorter/iReportReactRedux/src/reducers/auth/loginReducer.js": {"path":"/Users/anorldmukone/Desktop/irepppppoooorter/iReportReactRedux/src/reducers/auth/loginReducer.js","statementMap":{"0":{"start":{"line":5,"column":21},"end":{"line":25,"column":1}},"1":{"start":{"line":9,"column":2},"end":{"line":24,"column":3}},"2":{"start":{"line":11,"column":6},"end":{"line":15,"column":8}},"3":{"start":{"line":17,"column":6},"end":{"line":21,"column":8}},"4":{"start":{"line":23,"column":6},"end":{"line":23,"column":19}}},"fnMap":{"0":{"name":"(anonymous_0)","decl":{"start":{"line":5,"column":21},"end":{"line":5,"column":22}},"loc":{"start":{"line":8,"column":25},"end":{"line":25,"column":1}},"line":8}},"branchMap":{"0":{"loc":{"start":{"line":5,"column":22},"end":{"line":8,"column":1}},"type":"default-arg","locations":[{"start":{"line":5,"column":30},"end":{"line":8,"column":1}}],"line":5},"1":{"loc":{"start":{"line":9,"column":2},"end":{"line":24,"column":3}},"type":"switch","locations":[{"start":{"line":10,"column":4},"end":{"line":15,"column":8}},{"start":{"line":16,"column":4},"end":{"line":21,"column":8}},{"start":{"line":22,"column":4},"end":{"line":23,"column":19}}],"line":9}},"s":{"0":2,"1":5,"2":1,"3":1,"4":3},"f":{"0":5},"b":{"0":[3],"1":[1,1,3]},"_coverageSchema":"43e27e138ebf9cfc5966b082cf9a028302ed4184","hash":"59c490a724c98d2d6a0e13c27b994d4017750b66"}
,"/Users/anorldmukone/Desktop/irepppppoooorter/iReportReactRedux/src/reducers/auth/registerReducer.js": {"path":"/Users/anorldmukone/Desktop/irepppppoooorter/iReportReactRedux/src/reducers/auth/registerReducer.js","statementMap":{"0":{"start":{"line":5,"column":24},"end":{"line":22,"column":1}},"1":{"start":{"line":8,"column":2},"end":{"line":21,"column":3}},"2":{"start":{"line":10,"column":6},"end":{"line":13,"column":8}},"3":{"start":{"line":15,"column":6},"end":{"line":18,"column":8}},"4":{"start":{"line":20,"column":6},"end":{"line":20,"column":19}}},"fnMap":{"0":{"name":"(anonymous_0)","decl":{"start":{"line":5,"column":24},"end":{"line":5,"column":25}},"loc":{"start":{"line":7,"column":25},"end":{"line":22,"column":1}},"line":7}},"branchMap":{"0":{"loc":{"start":{"line":5,"column":25},"end":{"line":7,"column":1}},"type":"default-arg","locations":[{"start":{"line":5,"column":33},"end":{"line":7,"column":1}}],"line":5},"1":{"loc":{"start":{"line":8,"column":2},"end":{"line":21,"column":3}},"type":"switch","locations":[{"start":{"line":9,"column":4},"end":{"line":13,"column":8}},{"start":{"line":14,"column":4},"end":{"line":18,"column":8}},{"start":{"line":19,"column":4},"end":{"line":20,"column":19}}],"line":8}},"s":{"0":2,"1":5,"2":1,"3":1,"4":3},"f":{"0":5},"b":{"0":[3],"1":[1,1,3]},"_coverageSchema":"43e27e138ebf9cfc5966b082cf9a028302ed4184","hash":"b2390258903d536bb095f61c8d323c420b926468"}
,"/Users/anorldmukone/Desktop/irepppppoooorter/iReportReactRedux/src/reducers/redflags/viewAllRedFlagsReducer.js": {"path":"/Users/anorldmukone/Desktop/irepppppoooorter/iReportReactRedux/src/reducers/redflags/viewAllRedFlagsReducer.js","statementMap":{"0":{"start":{"line":5,"column":31},"end":{"line":22,"column":1}},"1":{"start":{"line":8,"column":2},"end":{"line":21,"column":3}},"2":{"start":{"line":10,"column":6},"end":{"line":13,"column":8}},"3":{"start":{"line":15,"column":6},"end":{"line":18,"column":8}},"4":{"start":{"line":20,"column":6},"end":{"line":20,"column":19}}},"fnMap":{"0":{"name":"(anonymous_0)","decl":{"start":{"line":5,"column":31},"end":{"line":5,"column":32}},"loc":{"start":{"line":7,"column":25},"end":{"line":22,"column":1}},"line":7}},"branchMap":{"0":{"loc":{"start":{"line":5,"column":32},"end":{"line":7,"column":1}},"type":"default-arg","locations":[{"start":{"line":5,"column":40},"end":{"line":7,"column":1}}],"line":5},"1":{"loc":{"start":{"line":8,"column":2},"end":{"line":21,"column":3}},"type":"switch","locations":[{"start":{"line":9,"column":4},"end":{"line":13,"column":8}},{"start":{"line":14,"column":4},"end":{"line":18,"column":8}},{"start":{"line":19,"column":4},"end":{"line":20,"column":19}}],"line":8}},"s":{"0":2,"1":5,"2":1,"3":1,"4":3},"f":{"0":5},"b":{"0":[3],"1":[1,1,3]},"_coverageSchema":"43e27e138ebf9cfc5966b082cf9a028302ed4184","hash":"439f579d4205366fa9b48cabc33781d2d1038855"}
,"/Users/anorldmukone/Desktop/irepppppoooorter/iReportReactRedux/src/utils/history.js": {"path":"/Users/anorldmukone/Desktop/irepppppoooorter/iReportReactRedux/src/utils/history.js","statementMap":{},"fnMap":{},"branchMap":{},"s":{},"f":{},"b":{},"_coverageSchema":"43e27e138ebf9cfc5966b082cf9a028302ed4184","hash":"4468f68af9ca79ed1afff466dcc11193250ad8d3"}
,"/Users/anorldmukone/Desktop/irepppppoooorter/iReportReactRedux/src/utils/toast.js": {"path":"/Users/anorldmukone/Desktop/irepppppoooorter/iReportReactRedux/src/utils/toast.js","statementMap":{"0":{"start":{"line":4,"column":2},"end":{"line":6,"column":5}},"1":{"start":{"line":10,"column":2},"end":{"line":12,"column":5}}},"fnMap":{"0":{"name":"toastSuccess","decl":{"start":{"line":3,"column":16},"end":{"line":3,"column":28}},"loc":{"start":{"line":3,"column":57},"end":{"line":7,"column":1}},"line":3},"1":{"name":"toastFailure","decl":{"start":{"line":9,"column":16},"end":{"line":9,"column":28}},"loc":{"start":{"line":9,"column":57},"end":{"line":13,"column":1}},"line":9}},"branchMap":{"0":{"loc":{"start":{"line":3,"column":38},"end":{"line":3,"column":55}},"type":"default-arg","locations":[{"start":{"line":3,"column":53},"end":{"line":3,"column":55}}],"line":3},"1":{"loc":{"start":{"line":9,"column":38},"end":{"line":9,"column":55}},"type":"default-arg","locations":[{"start":{"line":9,"column":53},"end":{"line":9,"column":55}}],"line":9}},"s":{"0":2,"1":5},"f":{"0":2,"1":5},"b":{"0":[0],"1":[0]},"_coverageSchema":"43e27e138ebf9cfc5966b082cf9a028302ed4184","hash":"ed2ad268f9cfe9e4c0e586dae9c1cc399c3687b6"}
}
