{"/Users/anorldmukone/Desktop/lms-react/iReportReactRedux/src/App.jsx": {"path":"/Users/anorldmukone/Desktop/lms-react/iReportReactRedux/src/App.jsx","statementMap":{"0":{"start":{"line":10,"column":2},"end":{"line":14,"column":5}},"1":{"start":{"line":15,"column":2},"end":{"line":22,"column":4}}},"fnMap":{"0":{"name":"App","decl":{"start":{"line":9,"column":24},"end":{"line":9,"column":27}},"loc":{"start":{"line":9,"column":30},"end":{"line":23,"column":1}},"line":9}},"branchMap":{},"s":{"0":1,"1":1},"f":{"0":1},"b":{},"_coverageSchema":"43e27e138ebf9cfc5966b082cf9a028302ed4184","hash":"a46c546e741f8f2fa800fbe983bd95661db65f15"}
,"/Users/anorldmukone/Desktop/lms-react/iReportReactRedux/src/Routes.js": {"path":"/Users/anorldmukone/Desktop/lms-react/iReportReactRedux/src/Routes.js","statementMap":{"0":{"start":{"line":10,"column":2},"end":{"line":18,"column":4}}},"fnMap":{"0":{"name":"Routes","decl":{"start":{"line":9,"column":9},"end":{"line":9,"column":15}},"loc":{"start":{"line":9,"column":18},"end":{"line":19,"column":1}},"line":9}},"branchMap":{},"s":{"0":1},"f":{"0":1},"b":{},"_coverageSchema":"43e27e138ebf9cfc5966b082cf9a028302ed4184","hash":"a75e1569db691c6b0b8afe29dfe4057784c91970"}
,"/Users/anorldmukone/Desktop/lms-react/iReportReactRedux/src/store.js": {"path":"/Users/anorldmukone/Desktop/lms-react/iReportReactRedux/src/store.js","statementMap":{"0":{"start":{"line":6,"column":21},"end":{"line":6,"column":23}},"1":{"start":{"line":7,"column":19},"end":{"line":7,"column":26}},"2":{"start":{"line":9,"column":14},"end":{"line":13,"column":1}}},"fnMap":{},"branchMap":{},"s":{"0":1,"1":1,"2":1},"f":{},"b":{},"_coverageSchema":"43e27e138ebf9cfc5966b082cf9a028302ed4184","hash":"e45da460b20fcfb4a9690281fb21c79fef8192b8"}
,"/Users/anorldmukone/Desktop/lms-react/iReportReactRedux/src/actions/actionTypes.js": {"path":"/Users/anorldmukone/Desktop/lms-react/iReportReactRedux/src/actions/actionTypes.js","statementMap":{"0":{"start":{"line":2,"column":30},"end":{"line":6,"column":1}}},"fnMap":{},"branchMap":{},"s":{"0":5},"f":{},"b":{},"_coverageSchema":"43e27e138ebf9cfc5966b082cf9a028302ed4184","hash":"4f947cbd132d88e9f8c91bfe8b26034b8c791322"}
,"/Users/anorldmukone/Desktop/lms-react/iReportReactRedux/src/actions/auth/loginAction.js": {"path":"/Users/anorldmukone/Desktop/lms-react/iReportReactRedux/src/actions/auth/loginAction.js","statementMap":{"0":{"start":{"line":7,"column":15},"end":{"line":7,"column":77}},"1":{"start":{"line":10,"column":24},"end":{"line":29,"column":4}},"2":{"start":{"line":10,"column":36},"end":{"line":29,"column":4}},"3":{"start":{"line":10,"column":48},"end":{"line":29,"column":4}},"4":{"start":{"line":12,"column":4},"end":{"line":15,"column":7}},"5":{"start":{"line":16,"column":4},"end":{"line":16,"column":20}},"6":{"start":{"line":17,"column":4},"end":{"line":17,"column":51}},"7":{"start":{"line":18,"column":4},"end":{"line":18,"column":69}},"8":{"start":{"line":19,"column":4},"end":{"line":19,"column":47}},"9":{"start":{"line":20,"column":4},"end":{"line":20,"column":26}},"10":{"start":{"line":23,"column":4},"end":{"line":23,"column":20}},"11":{"start":{"line":24,"column":4},"end":{"line":24,"column":54}},"12":{"start":{"line":25,"column":4},"end":{"line":28,"column":7}}},"fnMap":{"0":{"name":"(anonymous_0)","decl":{"start":{"line":10,"column":24},"end":{"line":10,"column":25}},"loc":{"start":{"line":10,"column":36},"end":{"line":29,"column":4}},"line":10},"1":{"name":"(anonymous_1)","decl":{"start":{"line":10,"column":36},"end":{"line":10,"column":37}},"loc":{"start":{"line":10,"column":48},"end":{"line":29,"column":4}},"line":10},"2":{"name":"(anonymous_2)","decl":{"start":{"line":11,"column":8},"end":{"line":11,"column":9}},"loc":{"start":{"line":11,"column":22},"end":{"line":21,"column":3}},"line":11},"3":{"name":"(anonymous_3)","decl":{"start":{"line":22,"column":9},"end":{"line":22,"column":10}},"loc":{"start":{"line":22,"column":20},"end":{"line":29,"column":3}},"line":22}},"branchMap":{},"s":{"0":4,"1":4,"2":2,"3":2,"4":1,"5":1,"6":1,"7":1,"8":1,"9":1,"10":1,"11":1,"12":1},"f":{"0":2,"1":2,"2":1,"3":1},"b":{},"_coverageSchema":"43e27e138ebf9cfc5966b082cf9a028302ed4184","hash":"d7cf613e97783da2ee060f2b43b01975d0e72ea1"}
,"/Users/anorldmukone/Desktop/lms-react/iReportReactRedux/src/components/LoginComponent.jsx": {"path":"/Users/anorldmukone/Desktop/lms-react/iReportReactRedux/src/components/LoginComponent.jsx","statementMap":{"0":{"start":{"line":17,"column":4},"end":{"line":17,"column":17}},"1":{"start":{"line":18,"column":4},"end":{"line":22,"column":6}},"2":{"start":{"line":25,"column":22},"end":{"line":30,"column":7}},"3":{"start":{"line":26,"column":8},"end":{"line":26,"column":27}},"4":{"start":{"line":27,"column":8},"end":{"line":29,"column":11}},"5":{"start":{"line":32,"column":21},"end":{"line":51,"column":7}},"6":{"start":{"line":33,"column":8},"end":{"line":33,"column":27}},"7":{"start":{"line":34,"column":8},"end":{"line":34,"column":43}},"8":{"start":{"line":35,"column":36},"end":{"line":35,"column":46}},"9":{"start":{"line":36,"column":26},"end":{"line":39,"column":9}},"10":{"start":{"line":40,"column":32},"end":{"line":40,"column":42}},"11":{"start":{"line":42,"column":8},"end":{"line":44,"column":9}},"12":{"start":{"line":43,"column":10},"end":{"line":43,"column":17}},"13":{"start":{"line":46,"column":8},"end":{"line":46,"column":37}},"14":{"start":{"line":48,"column":8},"end":{"line":48,"column":50}},"15":{"start":{"line":50,"column":8},"end":{"line":50,"column":31}},"16":{"start":{"line":55,"column":8},"end":{"line":60,"column":9}},"17":{"start":{"line":56,"column":10},"end":{"line":56,"column":26}},"18":{"start":{"line":57,"column":10},"end":{"line":57,"column":70}},"19":{"start":{"line":58,"column":10},"end":{"line":58,"column":46}},"20":{"start":{"line":59,"column":10},"end":{"line":59,"column":22}},"21":{"start":{"line":61,"column":8},"end":{"line":61,"column":21}},"22":{"start":{"line":65,"column":8},"end":{"line":68,"column":11}},"23":{"start":{"line":72,"column":47},"end":{"line":72,"column":57}},"24":{"start":{"line":73,"column":8},"end":{"line":148,"column":10}},"25":{"start":{"line":153,"column":0},"end":{"line":155,"column":2}},"26":{"start":{"line":158,"column":31},"end":{"line":160,"column":2}},"27":{"start":{"line":158,"column":41},"end":{"line":160,"column":1}}},"fnMap":{"0":{"name":"(anonymous_0)","decl":{"start":{"line":16,"column":2},"end":{"line":16,"column":3}},"loc":{"start":{"line":16,"column":21},"end":{"line":23,"column":3}},"line":16},"1":{"name":"(anonymous_1)","decl":{"start":{"line":25,"column":22},"end":{"line":25,"column":23}},"loc":{"start":{"line":25,"column":29},"end":{"line":30,"column":7}},"line":25},"2":{"name":"(anonymous_2)","decl":{"start":{"line":32,"column":21},"end":{"line":32,"column":22}},"loc":{"start":{"line":32,"column":34},"end":{"line":51,"column":7}},"line":32},"3":{"name":"(anonymous_3)","decl":{"start":{"line":54,"column":6},"end":{"line":54,"column":7}},"loc":{"start":{"line":54,"column":50},"end":{"line":62,"column":7}},"line":54},"4":{"name":"(anonymous_4)","decl":{"start":{"line":64,"column":6},"end":{"line":64,"column":7}},"loc":{"start":{"line":64,"column":24},"end":{"line":69,"column":7}},"line":64},"5":{"name":"(anonymous_5)","decl":{"start":{"line":71,"column":6},"end":{"line":71,"column":7}},"loc":{"start":{"line":71,"column":15},"end":{"line":149,"column":7}},"line":71},"6":{"name":"(anonymous_6)","decl":{"start":{"line":158,"column":31},"end":{"line":158,"column":32}},"loc":{"start":{"line":158,"column":41},"end":{"line":160,"column":1}},"line":158}},"branchMap":{"0":{"loc":{"start":{"line":42,"column":8},"end":{"line":44,"column":9}},"type":"if","locations":[{"start":{"line":42,"column":8},"end":{"line":44,"column":9}},{"start":{"line":42,"column":8},"end":{"line":44,"column":9}}],"line":42},"1":{"loc":{"start":{"line":55,"column":8},"end":{"line":60,"column":9}},"type":"if","locations":[{"start":{"line":55,"column":8},"end":{"line":60,"column":9}},{"start":{"line":55,"column":8},"end":{"line":60,"column":9}}],"line":55},"2":{"loc":{"start":{"line":55,"column":12},"end":{"line":55,"column":47}},"type":"binary-expr","locations":[{"start":{"line":55,"column":13},"end":{"line":55,"column":25}},{"start":{"line":55,"column":31},"end":{"line":55,"column":46}}],"line":55},"3":{"loc":{"start":{"line":105,"column":23},"end":{"line":132,"column":23}},"type":"cond-expr","locations":[{"start":{"line":105,"column":35},"end":{"line":105,"column":45}},{"start":{"line":107,"column":24},"end":{"line":131,"column":30}}],"line":105}},"s":{"0":7,"1":7,"2":7,"3":1,"4":1,"5":7,"6":2,"7":2,"8":2,"9":2,"10":2,"11":2,"12":1,"13":1,"14":1,"15":1,"16":4,"17":2,"18":2,"19":2,"20":2,"21":2,"22":2,"23":19,"24":19,"25":3,"26":3,"27":1},"f":{"0":7,"1":1,"2":2,"3":4,"4":2,"5":19,"6":1},"b":{"0":[1,1],"1":[2,2],"2":[4,2],"3":[4,15]},"_coverageSchema":"43e27e138ebf9cfc5966b082cf9a028302ed4184","hash":"85df5b7bfb10dfde8cf714f082145578190cae25"}
,"/Users/anorldmukone/Desktop/lms-react/iReportReactRedux/src/components/landingPageComponent.jsx": {"path":"/Users/anorldmukone/Desktop/lms-react/iReportReactRedux/src/components/landingPageComponent.jsx","statementMap":{"0":{"start":{"line":8,"column":29},"end":{"line":69,"column":1}},"1":{"start":{"line":9,"column":2},"end":{"line":68,"column":8}}},"fnMap":{"0":{"name":"(anonymous_0)","decl":{"start":{"line":8,"column":29},"end":{"line":8,"column":30}},"loc":{"start":{"line":9,"column":2},"end":{"line":68,"column":8}},"line":9}},"branchMap":{},"s":{"0":3,"1":0},"f":{"0":0},"b":{},"_coverageSchema":"43e27e138ebf9cfc5966b082cf9a028302ed4184","hash":"a04f3f111eecea05954d570eee1327f51e0ed22a"}
,"/Users/anorldmukone/Desktop/lms-react/iReportReactRedux/src/components/common/Footer.jsx": {"path":"/Users/anorldmukone/Desktop/lms-react/iReportReactRedux/src/components/common/Footer.jsx","statementMap":{"0":{"start":{"line":5,"column":2},"end":{"line":7,"column":4}}},"fnMap":{"0":{"name":"Footer","decl":{"start":{"line":4,"column":24},"end":{"line":4,"column":30}},"loc":{"start":{"line":4,"column":33},"end":{"line":8,"column":1}},"line":4}},"branchMap":{},"s":{"0":1},"f":{"0":1},"b":{},"_coverageSchema":"43e27e138ebf9cfc5966b082cf9a028302ed4184","hash":"2a4552504193370c67b4f0ae3f2d580fe6ebf452"}
,"/Users/anorldmukone/Desktop/lms-react/iReportReactRedux/src/components/common/InfoComponent.jsx": {"path":"/Users/anorldmukone/Desktop/lms-react/iReportReactRedux/src/components/common/InfoComponent.jsx","statementMap":{"0":{"start":{"line":5,"column":22},"end":{"line":34,"column":1}},"1":{"start":{"line":6,"column":2},"end":{"line":33,"column":8}}},"fnMap":{"0":{"name":"(anonymous_0)","decl":{"start":{"line":5,"column":22},"end":{"line":5,"column":23}},"loc":{"start":{"line":6,"column":2},"end":{"line":33,"column":8}},"line":6}},"branchMap":{},"s":{"0":5,"1":1},"f":{"0":1},"b":{},"_coverageSchema":"43e27e138ebf9cfc5966b082cf9a028302ed4184","hash":"e961f602a199cf18f950da8dc5460dbf4ac0f9e0"}
,"/Users/anorldmukone/Desktop/lms-react/iReportReactRedux/src/components/common/Loader.jsx": {"path":"/Users/anorldmukone/Desktop/lms-react/iReportReactRedux/src/components/common/Loader.jsx","statementMap":{"0":{"start":{"line":6,"column":15},"end":{"line":10,"column":1}},"1":{"start":{"line":7,"column":2},"end":{"line":9,"column":8}},"2":{"start":{"line":12,"column":0},"end":{"line":14,"column":2}},"3":{"start":{"line":16,"column":0},"end":{"line":18,"column":2}}},"fnMap":{"0":{"name":"(anonymous_0)","decl":{"start":{"line":6,"column":15},"end":{"line":6,"column":16}},"loc":{"start":{"line":7,"column":2},"end":{"line":9,"column":8}},"line":7}},"branchMap":{},"s":{"0":4,"1":1,"2":4,"3":4},"f":{"0":1},"b":{},"_coverageSchema":"43e27e138ebf9cfc5966b082cf9a028302ed4184","hash":"0de8e07c8cb094b7ffe76ac4d23219b35b992650"}
,"/Users/anorldmukone/Desktop/lms-react/iReportReactRedux/src/components/common/LogOutComponent.jsx": {"path":"/Users/anorldmukone/Desktop/lms-react/iReportReactRedux/src/components/common/LogOutComponent.jsx","statementMap":{"0":{"start":{"line":4,"column":24},"end":{"line":8,"column":1}},"1":{"start":{"line":5,"column":2},"end":{"line":7,"column":8}},"2":{"start":{"line":12,"column":0},"end":{"line":14,"column":2}},"3":{"start":{"line":16,"column":0},"end":{"line":18,"column":2}}},"fnMap":{"0":{"name":"(anonymous_0)","decl":{"start":{"line":4,"column":24},"end":{"line":4,"column":25}},"loc":{"start":{"line":5,"column":2},"end":{"line":7,"column":8}},"line":5},"1":{"name":"(anonymous_1)","decl":{"start":{"line":17,"column":16},"end":{"line":17,"column":17}},"loc":{"start":{"line":17,"column":22},"end":{"line":17,"column":24}},"line":17}},"branchMap":{},"s":{"0":1,"1":1,"2":1,"3":1},"f":{"0":1,"1":0},"b":{},"_coverageSchema":"43e27e138ebf9cfc5966b082cf9a028302ed4184","hash":"0657ef397b895b74c2d3326eddfaa38d65eec003"}
,"/Users/anorldmukone/Desktop/lms-react/iReportReactRedux/src/reducers/rootReducer.js": {"path":"/Users/anorldmukone/Desktop/lms-react/iReportReactRedux/src/reducers/rootReducer.js","statementMap":{},"fnMap":{},"branchMap":{},"s":{},"f":{},"b":{},"_coverageSchema":"43e27e138ebf9cfc5966b082cf9a028302ed4184","hash":"beebe31867ceab03a37aaa14a4ff5323a13ff6f0"}
,"/Users/anorldmukone/Desktop/lms-react/iReportReactRedux/src/reducers/auth/loginReducer.js": {"path":"/Users/anorldmukone/Desktop/lms-react/iReportReactRedux/src/reducers/auth/loginReducer.js","statementMap":{"0":{"start":{"line":5,"column":21},"end":{"line":25,"column":1}},"1":{"start":{"line":9,"column":2},"end":{"line":24,"column":3}},"2":{"start":{"line":11,"column":6},"end":{"line":15,"column":8}},"3":{"start":{"line":17,"column":6},"end":{"line":21,"column":8}},"4":{"start":{"line":23,"column":6},"end":{"line":23,"column":19}}},"fnMap":{"0":{"name":"(anonymous_0)","decl":{"start":{"line":5,"column":21},"end":{"line":5,"column":22}},"loc":{"start":{"line":8,"column":25},"end":{"line":25,"column":1}},"line":8}},"branchMap":{"0":{"loc":{"start":{"line":5,"column":22},"end":{"line":8,"column":1}},"type":"default-arg","locations":[{"start":{"line":5,"column":30},"end":{"line":8,"column":1}}],"line":5},"1":{"loc":{"start":{"line":9,"column":2},"end":{"line":24,"column":3}},"type":"switch","locations":[{"start":{"line":10,"column":4},"end":{"line":15,"column":8}},{"start":{"line":16,"column":4},"end":{"line":21,"column":8}},{"start":{"line":22,"column":4},"end":{"line":23,"column":19}}],"line":9}},"s":{"0":2,"1":5,"2":1,"3":1,"4":3},"f":{"0":5},"b":{"0":[3],"1":[1,1,3]},"_coverageSchema":"43e27e138ebf9cfc5966b082cf9a028302ed4184","hash":"55b775d0cb9ee6205b6d6a31fc52ce32fb376630"}
,"/Users/anorldmukone/Desktop/lms-react/iReportReactRedux/src/utils/history.js": {"path":"/Users/anorldmukone/Desktop/lms-react/iReportReactRedux/src/utils/history.js","statementMap":{},"fnMap":{},"branchMap":{},"s":{},"f":{},"b":{},"_coverageSchema":"43e27e138ebf9cfc5966b082cf9a028302ed4184","hash":"579cf6d7a2643af45cedd87454f71c0d26775a3e"}
,"/Users/anorldmukone/Desktop/lms-react/iReportReactRedux/src/utils/toast.js": {"path":"/Users/anorldmukone/Desktop/lms-react/iReportReactRedux/src/utils/toast.js","statementMap":{"0":{"start":{"line":4,"column":2},"end":{"line":6,"column":5}},"1":{"start":{"line":10,"column":2},"end":{"line":12,"column":5}}},"fnMap":{"0":{"name":"toastSuccess","decl":{"start":{"line":3,"column":16},"end":{"line":3,"column":28}},"loc":{"start":{"line":3,"column":57},"end":{"line":7,"column":1}},"line":3},"1":{"name":"toastFailure","decl":{"start":{"line":9,"column":16},"end":{"line":9,"column":28}},"loc":{"start":{"line":9,"column":57},"end":{"line":13,"column":1}},"line":9}},"branchMap":{"0":{"loc":{"start":{"line":3,"column":38},"end":{"line":3,"column":55}},"type":"default-arg","locations":[{"start":{"line":3,"column":53},"end":{"line":3,"column":55}}],"line":3},"1":{"loc":{"start":{"line":9,"column":38},"end":{"line":9,"column":55}},"type":"default-arg","locations":[{"start":{"line":9,"column":53},"end":{"line":9,"column":55}}],"line":9}},"s":{"0":1,"1":3},"f":{"0":1,"1":3},"b":{"0":[0],"1":[0]},"_coverageSchema":"43e27e138ebf9cfc5966b082cf9a028302ed4184","hash":"c64ff5f663c44718300cc03acc5817816c577061"}
}
