TN:
SF:/Users/anorldmukone/Desktop/lms-react/iReportReactRedux/src/App.jsx
FN:9,App
FNF:1
FNH:1
FNDA:1,App
DA:10,1
DA:15,1
LF:2
LH:2
BRF:0
BRH:0
end_of_record
TN:
SF:/Users/anorldmukone/Desktop/lms-react/iReportReactRedux/src/Routes.js
FN:11,Routes
FNF:1
FNH:1
FNDA:1,Routes
DA:12,1
LF:1
LH:1
BRF:0
BRH:0
end_of_record
TN:
SF:/Users/anorldmukone/Desktop/lms-react/iReportReactRedux/src/store.js
FNF:0
FNH:0
DA:6,1
DA:7,1
DA:9,1
LF:3
LH:3
BRF:0
BRH:0
end_of_record
TN:
SF:/Users/anorldmukone/Desktop/lms-react/iReportReactRedux/src/actions/actionTypes.js
FNF:0
FNH:0
DA:2,11
DA:8,11
DA:13,11
LF:3
LH:3
BRF:0
BRH:0
end_of_record
TN:
SF:/Users/anorldmukone/Desktop/lms-react/iReportReactRedux/src/actions/auth/loginAction.js
FN:10,(anonymous_0)
FN:10,(anonymous_1)
FN:11,(anonymous_2)
FN:22,(anonymous_3)
FNF:4
FNH:4
FNDA:2,(anonymous_0)
FNDA:2,(anonymous_1)
FNDA:1,(anonymous_2)
FNDA:1,(anonymous_3)
DA:7,4
DA:10,4
DA:12,1
DA:16,1
DA:17,1
DA:18,1
DA:19,1
DA:20,1
DA:23,1
DA:24,1
DA:25,1
LF:11
LH:11
BRF:0
BRH:0
end_of_record
TN:
SF:/Users/anorldmukone/Desktop/lms-react/iReportReactRedux/src/actions/auth/registerAction.js
FN:11,(anonymous_0)
FN:11,(anonymous_1)
FN:12,(anonymous_2)
FN:22,(anonymous_3)
FNF:4
FNH:4
FNDA:2,(anonymous_0)
FNDA:2,(anonymous_1)
FNDA:1,(anonymous_2)
FNDA:1,(anonymous_3)
DA:8,4
DA:11,4
DA:13,1
DA:17,1
DA:18,1
DA:19,1
DA:20,1
DA:23,1
DA:24,1
DA:25,1
LF:10
LH:10
BRF:0
BRH:0
end_of_record
TN:
SF:/Users/anorldmukone/Desktop/lms-react/iReportReactRedux/src/actions/redflags/viewAllRedFlagsAction.js
FN:9,(anonymous_0)
FN:9,(anonymous_1)
FN:15,(anonymous_2)
FN:21,(anonymous_3)
FNF:4
FNH:4
FNDA:2,(anonymous_0)
FNDA:2,(anonymous_1)
FNDA:1,(anonymous_2)
FNDA:1,(anonymous_3)
DA:6,4
DA:9,4
DA:16,1
DA:22,1
DA:23,1
DA:24,1
DA:25,1
DA:26,1
LF:8
LH:8
BRF:0
BRH:0
end_of_record
TN:
SF:/Users/anorldmukone/Desktop/lms-react/iReportReactRedux/src/components/LoginComponent.jsx
FN:16,(anonymous_0)
FN:25,(anonymous_1)
FN:32,(anonymous_2)
FN:54,(anonymous_3)
FN:64,(anonymous_4)
FN:71,(anonymous_5)
FN:158,(anonymous_6)
FNF:7
FNH:7
FNDA:7,(anonymous_0)
FNDA:1,(anonymous_1)
FNDA:2,(anonymous_2)
FNDA:4,(anonymous_3)
FNDA:2,(anonymous_4)
FNDA:19,(anonymous_5)
FNDA:1,(anonymous_6)
DA:17,7
DA:18,7
DA:25,7
DA:26,1
DA:27,1
DA:32,7
DA:33,2
DA:34,2
DA:35,2
DA:36,2
DA:40,2
DA:42,2
DA:43,1
DA:46,1
DA:48,1
DA:50,1
DA:55,4
DA:56,2
DA:57,2
DA:58,2
DA:59,2
DA:61,2
DA:65,2
DA:72,19
DA:73,19
DA:153,3
DA:158,3
LF:27
LH:27
BRDA:42,0,0,1
BRDA:42,0,1,1
BRDA:55,1,0,2
BRDA:55,1,1,2
BRDA:55,2,0,4
BRDA:55,2,1,2
BRDA:105,3,0,4
BRDA:105,3,1,15
BRF:8
BRH:8
end_of_record
TN:
SF:/Users/anorldmukone/Desktop/lms-react/iReportReactRedux/src/components/homePageComponent.jsx
FN:16,(anonymous_0)
FN:27,(anonymous_1)
FN:33,(anonymous_2)
FN:39,(anonymous_3)
FN:41,(anonymous_4)
FN:138,(anonymous_5)
FNF:6
FNH:0
FNDA:0,(anonymous_0)
FNDA:0,(anonymous_1)
FNDA:0,(anonymous_2)
FNDA:0,(anonymous_3)
FNDA:0,(anonymous_4)
FNDA:0,(anonymous_5)
DA:17,0
DA:18,0
DA:28,0
DA:29,0
DA:33,0
DA:34,0
DA:35,0
DA:36,0
DA:40,0
DA:41,0
DA:42,0
DA:72,0
DA:121,3
DA:134,3
DA:138,3
DA:139,0
DA:140,0
LF:17
LH:3
BRF:0
BRH:0
end_of_record
TN:
SF:/Users/anorldmukone/Desktop/lms-react/iReportReactRedux/src/components/landingPageComponent.jsx
FN:8,(anonymous_0)
FNF:1
FNH:0
FNDA:0,(anonymous_0)
DA:8,3
DA:9,0
LF:2
LH:1
BRF:0
BRH:0
end_of_record
TN:
SF:/Users/anorldmukone/Desktop/lms-react/iReportReactRedux/src/components/signupComponent.jsx
FN:14,(anonymous_0)
FN:28,(anonymous_1)
FN:35,(anonymous_2)
FN:60,(anonymous_3)
FN:207,(anonymous_4)
FNF:5
FNH:5
FNDA:3,(anonymous_0)
FNDA:1,(anonymous_1)
FNDA:1,(anonymous_2)
FNDA:7,(anonymous_3)
FNDA:1,(anonymous_4)
DA:15,3
DA:16,3
DA:28,3
DA:29,1
DA:30,1
DA:35,3
DA:36,1
DA:37,1
DA:40,1
DA:42,1
DA:52,1
DA:54,1
DA:56,1
DA:63,7
DA:64,7
DA:202,3
DA:207,3
LF:17
LH:17
BRDA:97,0,0,1
BRDA:97,0,1,6
BRF:2
BRH:2
end_of_record
TN:
SF:/Users/anorldmukone/Desktop/lms-react/iReportReactRedux/src/components/common/Footer.jsx
FN:4,Footer
FNF:1
FNH:1
FNDA:1,Footer
DA:5,1
LF:1
LH:1
BRF:0
BRH:0
end_of_record
TN:
SF:/Users/anorldmukone/Desktop/lms-react/iReportReactRedux/src/components/common/InfoComponent.jsx
FN:5,(anonymous_0)
FNF:1
FNH:1
FNDA:1,(anonymous_0)
DA:5,7
DA:6,1
LF:2
LH:2
BRF:0
BRH:0
end_of_record
TN:
SF:/Users/anorldmukone/Desktop/lms-react/iReportReactRedux/src/components/common/Loader.jsx
FN:6,(anonymous_0)
FNF:1
FNH:1
FNDA:1,(anonymous_0)
DA:6,5
DA:7,1
DA:12,5
DA:16,5
LF:4
LH:4
BRF:0
BRH:0
end_of_record
TN:
SF:/Users/anorldmukone/Desktop/lms-react/iReportReactRedux/src/components/common/LogOutComponent.jsx
FN:4,(anonymous_0)
FN:17,(anonymous_1)
FNF:2
FNH:1
FNDA:1,(anonymous_0)
FNDA:0,(anonymous_1)
DA:4,4
DA:5,1
DA:12,4
DA:16,4
LF:4
LH:4
BRF:0
BRH:0
end_of_record
TN:
SF:/Users/anorldmukone/Desktop/lms-react/iReportReactRedux/src/reducers/rootReducer.js
FNF:0
FNH:0
LF:0
LH:0
BRF:0
BRH:0
end_of_record
TN:
SF:/Users/anorldmukone/Desktop/lms-react/iReportReactRedux/src/reducers/auth/loginReducer.js
FN:5,(anonymous_0)
FNF:1
FNH:1
FNDA:5,(anonymous_0)
DA:5,2
DA:9,5
DA:11,1
DA:17,1
DA:23,3
LF:5
LH:5
BRDA:5,0,0,3
BRDA:9,1,0,1
BRDA:9,1,1,1
BRDA:9,1,2,3
BRF:4
BRH:4
end_of_record
TN:
SF:/Users/anorldmukone/Desktop/lms-react/iReportReactRedux/src/reducers/auth/registerReducer.js
FN:5,(anonymous_0)
FNF:1
FNH:1
FNDA:5,(anonymous_0)
DA:5,2
DA:8,5
DA:10,1
DA:15,1
DA:20,3
LF:5
LH:5
BRDA:5,0,0,3
BRDA:8,1,0,1
BRDA:8,1,1,1
BRDA:8,1,2,3
BRF:4
BRH:4
end_of_record
TN:
SF:/Users/anorldmukone/Desktop/lms-react/iReportReactRedux/src/reducers/redflags/viewAllRedFlagsReducer.js
FN:5,(anonymous_0)
FNF:1
FNH:1
FNDA:5,(anonymous_0)
DA:5,2
DA:8,5
DA:10,1
DA:15,1
DA:20,3
LF:5
LH:5
BRDA:5,0,0,3
BRDA:8,1,0,1
BRDA:8,1,1,1
BRDA:8,1,2,3
BRF:4
BRH:4
end_of_record
TN:
SF:/Users/anorldmukone/Desktop/lms-react/iReportReactRedux/src/utils/history.js
FNF:0
FNH:0
LF:0
LH:0
BRF:0
BRH:0
end_of_record
TN:
SF:/Users/anorldmukone/Desktop/lms-react/iReportReactRedux/src/utils/toast.js
FN:3,toastSuccess
FN:9,toastFailure
FNF:2
FNH:2
FNDA:2,toastSuccess
FNDA:5,toastFailure
DA:4,2
DA:10,5
LF:2
LH:2
BRDA:3,0,0,0
BRDA:9,1,0,0
BRF:2
BRH:0
end_of_record
